<?xml version="1.0" encoding="UTF-8"?>
<testsuite name="com.project.EMRChain.Core.Utilities.HashUtilTest" tests="1" skipped="0" failures="0" errors="0" timestamp="2018-10-31T16:30:25" hostname="DESKTOP-G7T33TA" time="0.003">
  <properties/>
  <testcase name="SHA256" classname="com.project.EMRChain.Core.Utilities.HashUtilTest" time="0.003"/>
  <system-out><![CDATA[]]></system-out>
  <system-err><![CDATA[]]></system-err>
</testsuite>
